----- CLI crash report at 2026-02-16T23:13:23.404Z
Error Trace
FailedToIdentifyProgramFlow: FailedToIdentifyProgramFlow
    at _Command.<anonymous> (/opt/homebrew/lib/node_modules/@wix/cli/src/program.ts:76:15)
    at _Command.emit (node:events:508:20)
    at _Command._parseCommand (/opt/homebrew/lib/node_modules/node_modules/commander/lib/command.js:1607:14)
    at _Command.parseAsync (/opt/homebrew/lib/node_modules/node_modules/commander/lib/command.js:1104:16)
    at <anonymous> (/opt/homebrew/lib/node_modules/@wix/cli/src/index.tsx:89:39)
Error Info
{}
----- CLI crash report at 2026-02-16T23:15:14.820Z
Error Trace
FailedToIdentifyProgramFlow: FailedToIdentifyProgramFlow
    at _Command.<anonymous> (/opt/homebrew/lib/node_modules/@wix/cli/src/program.ts:76:15)
    at _Command.emit (node:events:508:20)
    at _Command._parseCommand (/opt/homebrew/lib/node_modules/node_modules/commander/lib/command.js:1607:14)
    at _Command.parseAsync (/opt/homebrew/lib/node_modules/node_modules/commander/lib/command.js:1104:16)
    at <anonymous> (/opt/homebrew/lib/node_modules/@wix/cli/src/index.tsx:89:39)
Error Info
{}
